\BOOKMARK [0][-]{chapter*.3}{Kurzfassung}{}% 1
\BOOKMARK [0][-]{chapter.1}{Einleitung}{}% 2
\BOOKMARK [1][-]{section.1.1}{Motivation}{chapter.1}% 3
\BOOKMARK [1][-]{section.1.2}{Aufgabenstellung und Zielsetzung}{chapter.1}% 4
\BOOKMARK [1][-]{section.1.3}{Aufbau}{chapter.1}% 5
\BOOKMARK [1][-]{section.1.4}{Eigene Leistung}{chapter.1}% 6
\BOOKMARK [0][-]{chapter.2}{Grundlagen}{}% 7
\BOOKMARK [1][-]{section.2.1}{Internet Protokolle}{chapter.2}% 8
\BOOKMARK [2][-]{subsection.2.1.1}{Sicherungsschicht/Data Link Layer \(Schicht 2\)}{section.2.1}% 9
\BOOKMARK [2][-]{subsection.2.1.2}{Vermittlungsschicht/Network Layer \(Schicht 3\)}{section.2.1}% 10
\BOOKMARK [2][-]{subsection.2.1.3}{Transportschicht/ Transport Layer \(Schicht 4\)}{section.2.1}% 11
\BOOKMARK [2][-]{subsection.2.1.4}{Anwendungsschicht/ Application Layer \(Schicht 5\)}{section.2.1}% 12
\BOOKMARK [1][-]{section.2.2}{Datensicherheit}{chapter.2}% 13
\BOOKMARK [2][-]{subsection.2.2.1}{Vertraulichkeit}{section.2.2}% 14
\BOOKMARK [2][-]{subsection.2.2.2}{Integrit\344t}{section.2.2}% 15
\BOOKMARK [2][-]{subsection.2.2.3}{Authentizit\344t}{section.2.2}% 16
\BOOKMARK [2][-]{subsection.2.2.4}{Verf\374gbarkeit}{section.2.2}% 17
\BOOKMARK [1][-]{section.2.3}{Datenschutz}{chapter.2}% 18
\BOOKMARK [1][-]{section.2.4}{Kryptographie}{chapter.2}% 19
\BOOKMARK [2][-]{subsection.2.4.1}{Symmetrische Verschl\374sselung}{section.2.4}% 20
\BOOKMARK [2][-]{subsection.2.4.2}{Asymmetrische Verschl\374sselung}{section.2.4}% 21
\BOOKMARK [2][-]{subsection.2.4.3}{,,Shamir's Secret Sharing'' Methode}{section.2.4}% 22
\BOOKMARK [1][-]{section.2.5}{Information Hiding}{chapter.2}% 23
\BOOKMARK [2][-]{subsection.2.5.1}{Steganographie}{section.2.5}% 24
\BOOKMARK [2][-]{subsection.2.5.2}{Covert Channel}{section.2.5}% 25
\BOOKMARK [0][-]{chapter.3}{Anforderung an die L\366sung}{}% 26
\BOOKMARK [0][-]{chapter.4}{L\366sungsans\344tze}{}% 27
\BOOKMARK [1][-]{section.4.1}{Covert Channel}{chapter.4}% 28
\BOOKMARK [2][-]{subsection.4.1.1}{Zeitabh\344ngige Covert Channel}{section.4.1}% 29
\BOOKMARK [2][-]{subsection.4.1.2}{Storage Channel}{section.4.1}% 30
\BOOKMARK [2][-]{subsection.4.1.3}{IPv6}{section.4.1}% 31
\BOOKMARK [2][-]{subsection.4.1.4}{TCP}{section.4.1}% 32
\BOOKMARK [2][-]{subsection.4.1.5}{Traffic Normalizers}{section.4.1}% 33
\BOOKMARK [2][-]{subsection.4.1.6}{Benutzung verschiedener Protokolle}{section.4.1}% 34
\BOOKMARK [2][-]{subsection.4.1.7}{Verwendung der Nutzdatengr\366\337e}{section.4.1}% 35
\BOOKMARK [1][-]{section.4.2}{Steganographie}{chapter.4}% 36
\BOOKMARK [2][-]{subsection.4.2.1}{Klassische textbasierende Verfahren}{section.4.2}% 37
\BOOKMARK [2][-]{subsection.4.2.2}{Basierend auf RGB Bilder}{section.4.2}% 38
\BOOKMARK [2][-]{subsection.4.2.3}{Bildformate mit Alpha Kanal}{section.4.2}% 39
\BOOKMARK [2][-]{subsection.4.2.4}{Verwendung von PDF Dateien}{section.4.2}% 40
\BOOKMARK [0][-]{chapter.5}{Bewertung der Covert Channel}{}% 41
\BOOKMARK [0][-]{chapter.6}{Umsetzung des Projekts}{}% 42
\BOOKMARK [1][-]{section.6.1}{Konstruktion des Covert Channels}{chapter.6}% 43
\BOOKMARK [2][-]{subsection.6.1.1}{Geheime Daten}{section.6.1}% 44
\BOOKMARK [2][-]{subsection.6.1.2}{Schl\374ssel}{section.6.1}% 45
\BOOKMARK [2][-]{subsection.6.1.3}{Tr\344gerkanal}{section.6.1}% 46
\BOOKMARK [1][-]{section.6.2}{Aufbau des Systems}{chapter.6}% 47
\BOOKMARK [2][-]{subsection.6.2.1}{Anforderungen an den Aufbau}{section.6.2}% 48
\BOOKMARK [2][-]{subsection.6.2.2}{Aktiv}{section.6.2}% 49
\BOOKMARK [2][-]{subsection.6.2.3}{Passiv}{section.6.2}% 50
\BOOKMARK [2][-]{subsection.6.2.4}{Bewertung des Aufbaus}{section.6.2}% 51
\BOOKMARK [1][-]{section.6.3}{Kodierung und Dekodierung}{chapter.6}% 52
\BOOKMARK [2][-]{subsection.6.3.1}{Anforderung an die Kodierung und Dekodierung}{section.6.3}% 53
\BOOKMARK [2][-]{subsection.6.3.2}{Kodierung mit festen Zeitrastern}{section.6.3}% 54
\BOOKMARK [2][-]{subsection.6.3.3}{Kodierung basierend auf den Paketabst\344nden}{section.6.3}% 55
\BOOKMARK [2][-]{subsection.6.3.4}{Bewertung der Kodierung}{section.6.3}% 56
\BOOKMARK [1][-]{section.6.4}{Fehlerkorrektur}{chapter.6}% 57
\BOOKMARK [2][-]{subsection.6.4.1}{Anforderung an die Fehlerkorrektur}{section.6.4}% 58
\BOOKMARK [2][-]{subsection.6.4.2}{Parit\344tsbits}{section.6.4}% 59
\BOOKMARK [2][-]{subsection.6.4.3}{Bewertung der Fehlerkorektur}{section.6.4}% 60
\BOOKMARK [1][-]{section.6.5}{Integrit\344t}{chapter.6}% 61
\BOOKMARK [2][-]{subsection.6.5.1}{Hash-Funktionen}{section.6.5}% 62
\BOOKMARK [2][-]{subsection.6.5.2}{Bewertung der Hash-Funktionen}{section.6.5}% 63
\BOOKMARK [1][-]{section.6.6}{Authentizit\344t}{chapter.6}% 64
\BOOKMARK [1][-]{section.6.7}{Netzwerkprotokoll}{chapter.6}% 65
\BOOKMARK [2][-]{subsection.6.7.1}{Anforderung an das Netzwerkprotokoll}{section.6.7}% 66
\BOOKMARK [2][-]{subsection.6.7.2}{HTTP}{section.6.7}% 67
\BOOKMARK [2][-]{subsection.6.7.3}{SMTP}{section.6.7}% 68
\BOOKMARK [2][-]{subsection.6.7.4}{FTP}{section.6.7}% 69
\BOOKMARK [2][-]{subsection.6.7.5}{Bewertung der Netztwerkprotokolle}{section.6.7}% 70
\BOOKMARK [1][-]{section.6.8}{Server}{chapter.6}% 71
\BOOKMARK [2][-]{subsection.6.8.1}{Anforderungen an den Server}{section.6.8}% 72
\BOOKMARK [2][-]{subsection.6.8.2}{Java HttpServer}{section.6.8}% 73
\BOOKMARK [2][-]{subsection.6.8.3}{Node.js und Express}{section.6.8}% 74
\BOOKMARK [2][-]{subsection.6.8.4}{Bewertung des Servers}{section.6.8}% 75
\BOOKMARK [1][-]{section.6.9}{Back-End}{chapter.6}% 76
\BOOKMARK [2][-]{subsection.6.9.1}{Express Implementierung}{section.6.9}% 77
\BOOKMARK [2][-]{subsection.6.9.2}{Kommunikation des Covert Channel}{section.6.9}% 78
\BOOKMARK [2][-]{subsection.6.9.3}{Socket.IO Implementierung}{section.6.9}% 79
\BOOKMARK [2][-]{subsection.6.9.4}{Geheime Daten}{section.6.9}% 80
\BOOKMARK [2][-]{subsection.6.9.5}{Pearson Hash Implementierung}{section.6.9}% 81
\BOOKMARK [2][-]{subsection.6.9.6}{Covert Channel Implementierung}{section.6.9}% 82
\BOOKMARK [1][-]{section.6.10}{Front-End}{chapter.6}% 83
\BOOKMARK [2][-]{subsection.6.10.1}{HTML}{section.6.10}% 84
\BOOKMARK [2][-]{subsection.6.10.2}{JQuery}{section.6.10}% 85
\BOOKMARK [2][-]{subsection.6.10.3}{Socket.IO}{section.6.10}% 86
\BOOKMARK [1][-]{section.6.11}{Clientseitige Auswertung des Covert Channel}{chapter.6}% 87
\BOOKMARK [2][-]{subsection.6.11.1}{Anforderung an die Auswertung}{section.6.11}% 88
\BOOKMARK [2][-]{subsection.6.11.2}{Auswertung im Front-End}{section.6.11}% 89
\BOOKMARK [2][-]{subsection.6.11.3}{Auswertung mit einem externen Programm}{section.6.11}% 90
\BOOKMARK [2][-]{subsection.6.11.4}{Bewertung der Covert Channel Auswertung}{section.6.11}% 91
\BOOKMARK [1][-]{section.6.12}{Client}{chapter.6}% 92
\BOOKMARK [2][-]{subsection.6.12.1}{Programmiersprache}{section.6.12}% 93
\BOOKMARK [2][-]{subsection.6.12.2}{Mitschneiden der Datenenpakete}{section.6.12}% 94
\BOOKMARK [2][-]{subsection.6.12.3}{Interpretieren der Zeitstempel}{section.6.12}% 95
\BOOKMARK [2][-]{subsection.6.12.4}{Verarbeiten der Erhaltenen Daten}{section.6.12}% 96
\BOOKMARK [0][-]{chapter.7}{Optimales Einstellen und Anwendung des Covert Channel}{}% 97
\BOOKMARK [1][-]{subsection.7.0.1}{Verh\344ltnis nicht interpretierbar/ interpretierbar}{chapter.7}% 98
\BOOKMARK [2][-]{subsection.7.0.2}{Anzahl korrekt \374bertragener Dateien}{subsection.7.0.1}% 99
\BOOKMARK [2][-]{subsection.7.0.3}{Zeit bis zum ersten korrekten Eintreffen der Datei}{subsection.7.0.1}% 100
\BOOKMARK [2][-]{subsection.7.0.4}{Padding zum Synchronisieren}{subsection.7.0.1}% 101
\BOOKMARK [0][-]{chapter.8}{Umsetzung der passiven Variante}{}% 102
\BOOKMARK [1][-]{subsection.8.0.1}{Anforderung an den Proxy}{chapter.8}% 103
\BOOKMARK [2][-]{subsection.8.0.2}{L\366sungsans\344tze}{subsection.8.0.1}% 104
\BOOKMARK [2][-]{subsection.8.0.3}{Bewertung des L\366sungsansatzes}{subsection.8.0.1}% 105
\BOOKMARK [2][-]{subsection.8.0.4}{Implementierung}{subsection.8.0.1}% 106
\BOOKMARK [0][-]{chapter.9}{Anwendung des passiven Covert Channel}{}% 107
\BOOKMARK [1][-]{section.9.1}{Probleme bei realen Webseiten}{chapter.9}% 108
\BOOKMARK [2][-]{subsection.9.1.1}{HTTPS}{section.9.1}% 109
\BOOKMARK [2][-]{subsection.9.1.2}{Generierung einer ausreichenden Anzahl von Netzwerkpaketen}{section.9.1}% 110
\BOOKMARK [2][-]{subsection.9.1.3}{Parallele Datenabfrage}{section.9.1}% 111
\BOOKMARK [1][-]{section.9.2}{Test mit realen Servern}{chapter.9}% 112
\BOOKMARK [0][-]{chapter.10}{Evaluierung}{}% 113
\BOOKMARK [0][-]{chapter.11}{Fazit und Ausblick}{}% 114
\BOOKMARK [1][-]{section.11.1}{Aktiv}{chapter.11}% 115
\BOOKMARK [1][-]{section.11.2}{Passiv}{chapter.11}% 116
\BOOKMARK [1][-]{section.11.3}{Ausblick}{chapter.11}% 117
\BOOKMARK [0][-]{chapter*.39}{Danksagung}{}% 118
\BOOKMARK [0][-]{chapter*.40}{Literatur}{}% 119
